Build started 11/3/2021 08:58:11.
     1>Project "C:\Users\DELL\OneDrive\Documentos\2021\Estructura de datos\Banco_caro\Banco_caro\Banco_caro.vcxproj" on node 2 (build target(s)).
     1>InitializeBuildStatus:
         Touching "Debug\Banco_caro.unsuccessfulbuild".
       GenerateTargetFrameworkMonikerAttribute:
       Skipping target "GenerateTargetFrameworkMonikerAttribute" because all output files are up-to-date with respect to the input files.
       ClCompile:
         All outputs are up-to-date.
         C:\Program Files (x86)\Microsoft Visual Studio 10.0\VC\bin\CL.exe /c /AI"C:\Program Files (x86)\Reference Assemblies\Microsoft\Framework\.NETFramework\v4.0" /Zi /clr:pure /nologo /W3 /WX- /Od /Oy- /D WIN32 /D _DEBUG /D _UNICODE /D UNICODE /EHa /MDd /GS /fp:precise /Zc:wchar_t /Zc:forScope /Yu"StdAfx.h" /Fp"Debug\Banco_caro.pch" /Fo"Debug\\" /Fd"Debug\vc100.pdb" /TP /FU"C:\Program Files (x86)\Reference Assemblies\Microsoft\Framework\.NETFramework\v4.0\System.Core.dll" /FU"C:\Program Files (x86)\Reference Assemblies\Microsoft\Framework\.NETFramework\v4.0\System.Data.dll" /FU"C:\Program Files (x86)\Reference Assemblies\Microsoft\Framework\.NETFramework\v4.0\System.dll" /FU"C:\Program Files (x86)\Reference Assemblies\Microsoft\Framework\.NETFramework\v4.0\System.Drawing.dll" /FU"C:\Program Files (x86)\Reference Assemblies\Microsoft\Framework\.NETFramework\v4.0\System.Windows.Forms.dll" /FU"C:\Program Files (x86)\Reference Assemblies\Microsoft\Framework\.NETFramework\v4.0\System.Xml.dll" /analyze- /errorReport:prompt Banco_caro.cpp /clr:nostdlib 
         Banco_caro.cpp
         All outputs are up-to-date.
       CoreResGen:
         No resources are out of date with respect to their source files. Skipping resource generation.
       ResourceCompile:
         All outputs are up-to-date.
       Link:
         C:\Program Files (x86)\Microsoft Visual Studio 10.0\VC\bin\link.exe /ERRORREPORT:PROMPT /OUT:"C:\Users\DELL\OneDrive\Documentos\2021\Estructura de datos\Banco_caro\Debug\Banco_caro.exe" /INCREMENTAL /NOLOGO /ASSEMBLYRESOURCE:Debug\Banco_caro.Form1.resources /MANIFEST /ManifestFile:"Debug\Banco_caro.exe.intermediate.manifest" /MANIFESTUAC:"level='asInvoker' uiAccess='false'" /DEBUG /PDB:"C:\Users\DELL\OneDrive\Documentos\2021\Estructura de datos\Banco_caro\Debug\Banco_caro.pdb" /ASSEMBLYDEBUG /SUBSYSTEM:WINDOWS /TLBID:1 /ENTRY:"main" /DYNAMICBASE /FIXED:NO /NXCOMPAT /MACHINE:X86 Debug\app.res
         Debug\AssemblyInfo.obj
         Debug\Banco_caro.obj
         Debug\Cuenta.obj
         Debug\stdafx.obj
         "Debug\.NETFramework,Version=v4.0.AssemblyAttributes.obj"
         Banco_caro.vcxproj -> C:\Users\DELL\OneDrive\Documentos\2021\Estructura de datos\Banco_caro\Debug\Banco_caro.exe
       Manifest:
         C:\Program Files (x86)\Microsoft SDKs\Windows\v7.0A\bin\mt.exe /nologo /verbose /outputresource:"C:\Users\DELL\OneDrive\Documentos\2021\Estructura de datos\Banco_caro\Debug\Banco_caro.exe;#1" /manifest Debug\Banco_caro.exe.intermediate.manifest
       FinalizeBuildStatus:
         Deleting file "Debug\Banco_caro.unsuccessfulbuild".
         Touching "Debug\Banco_caro.lastbuildstate".
     1>Done Building Project "C:\Users\DELL\OneDrive\Documentos\2021\Estructura de datos\Banco_caro\Banco_caro\Banco_caro.vcxproj" (build target(s)).

Build succeeded.

Time Elapsed 00:00:01.61
