Build started 26/2/2021 18:41:17.
     1>Project "C:\Users\DELL\OneDrive\Documentos\2021\Estructura de datos\Areatriangulo\Areatriangulo\Areatriangulo.vcxproj" on node 2 (build target(s)).
     1>InitializeBuildStatus:
         Creating "Debug\Areatriangulo.unsuccessfulbuild" because "AlwaysCreate" was specified.
       GenerateTargetFrameworkMonikerAttribute:
       Skipping target "GenerateTargetFrameworkMonikerAttribute" because all output files are up-to-date with respect to the input files.
       ClCompile:
         All outputs are up-to-date.
         C:\Program Files (x86)\Microsoft Visual Studio 10.0\VC\bin\CL.exe /c /AI"C:\Program Files (x86)\Reference Assemblies\Microsoft\Framework\.NETFramework\v4.0" /Zi /clr:pure /nologo /W3 /WX- /Od /Oy- /D WIN32 /D _DEBUG /D _UNICODE /D UNICODE /EHa /MDd /GS /fp:precise /Zc:wchar_t /Zc:forScope /Yu"StdAfx.h" /Fp"Debug\Areatriangulo.pch" /Fo"Debug\\" /Fd"Debug\vc100.pdb" /TP /FU"C:\Program Files (x86)\Reference Assemblies\Microsoft\Framework\.NETFramework\v4.0\System.Core.dll" /FU"C:\Program Files (x86)\Reference Assemblies\Microsoft\Framework\.NETFramework\v4.0\System.Data.dll" /FU"C:\Program Files (x86)\Reference Assemblies\Microsoft\Framework\.NETFramework\v4.0\System.dll" /FU"C:\Program Files (x86)\Reference Assemblies\Microsoft\Framework\.NETFramework\v4.0\System.Drawing.dll" /FU"C:\Program Files (x86)\Reference Assemblies\Microsoft\Framework\.NETFramework\v4.0\System.Windows.Forms.dll" /FU"C:\Program Files (x86)\Reference Assemblies\Microsoft\Framework\.NETFramework\v4.0\System.Xml.dll" /analyze- /errorReport:prompt Areatriangulo.cpp Triangulo.cpp /clr:nostdlib 
         Areatriangulo.cpp
         Triangulo.cpp
         Generating Code...
         All outputs are up-to-date.
       CoreResGen:
         No resources are out of date with respect to their source files. Skipping resource generation.
       ResourceCompile:
         All outputs are up-to-date.
       Link:
         C:\Program Files (x86)\Microsoft Visual Studio 10.0\VC\bin\link.exe /ERRORREPORT:PROMPT /OUT:"C:\Users\DELL\OneDrive\Documentos\2021\Estructura de datos\Areatriangulo\Debug\Areatriangulo.exe" /INCREMENTAL /NOLOGO /ASSEMBLYRESOURCE:Debug\Areatriangulo.Form1.resources /MANIFEST /ManifestFile:"Debug\Areatriangulo.exe.intermediate.manifest" /MANIFESTUAC:"level='asInvoker' uiAccess='false'" /DEBUG /PDB:"C:\Users\DELL\OneDrive\Documentos\2021\Estructura de datos\Areatriangulo\Debug\Areatriangulo.pdb" /ASSEMBLYDEBUG /SUBSYSTEM:WINDOWS /TLBID:1 /ENTRY:"main" /DYNAMICBASE /FIXED:NO /NXCOMPAT /MACHINE:X86 Debug\app.res
         Debug\Areatriangulo.obj
         Debug\AssemblyInfo.obj
         Debug\stdafx.obj
         Debug\Triangulo.obj
         "Debug\.NETFramework,Version=v4.0.AssemblyAttributes.obj"
         Areatriangulo.vcxproj -> C:\Users\DELL\OneDrive\Documentos\2021\Estructura de datos\Areatriangulo\Debug\Areatriangulo.exe
       Manifest:
         C:\Program Files (x86)\Microsoft SDKs\Windows\v7.0A\bin\mt.exe /nologo /verbose /outputresource:"C:\Users\DELL\OneDrive\Documentos\2021\Estructura de datos\Areatriangulo\Debug\Areatriangulo.exe;#1" /manifest Debug\Areatriangulo.exe.intermediate.manifest
       FinalizeBuildStatus:
         Deleting file "Debug\Areatriangulo.unsuccessfulbuild".
         Touching "Debug\Areatriangulo.lastbuildstate".
     1>Done Building Project "C:\Users\DELL\OneDrive\Documentos\2021\Estructura de datos\Areatriangulo\Areatriangulo\Areatriangulo.vcxproj" (build target(s)).

Build succeeded.

Time Elapsed 00:00:02.44
