Build started 12/3/2021 09:09:59.
     1>Project "C:\Users\DELL\OneDrive\Documentos\2021\Estructura de datos\vector_clase\vector_clase\vector_clase.vcxproj" on node 2 (build target(s)).
     1>InitializeBuildStatus:
         Touching "Debug\vector_clase.unsuccessfulbuild".
       ClCompile:
         All outputs are up-to-date.
         C:\Program Files (x86)\Microsoft Visual Studio 10.0\VC\bin\CL.exe /c /ZI /nologo /W3 /WX- /Od /Oy- /D WIN32 /D _DEBUG /D _CONSOLE /D _UNICODE /D UNICODE /Gm /EHsc /RTC1 /MDd /GS /fp:precise /Zc:wchar_t /Zc:forScope /Yu"StdAfx.h" /Fp"Debug\vector_clase.pch" /Fo"Debug\\" /Fd"Debug\vc100.pdb" /Gd /TP /analyze- /errorReport:prompt vector_clase.cpp
         vector_clase.cpp
       ManifestResourceCompile:
         C:\Program Files (x86)\Microsoft SDKs\Windows\v7.0A\bin\rc.exe /nologo /fo"Debug\vector_clase.exe.embed.manifest.res" Debug\vector_clase_manifest.rc 
       Link:
         C:\Program Files (x86)\Microsoft Visual Studio 10.0\VC\bin\link.exe /ERRORREPORT:PROMPT /OUT:"C:\Users\DELL\OneDrive\Documentos\2021\Estructura de datos\vector_clase\Debug\vector_clase.exe" /INCREMENTAL /NOLOGO kernel32.lib user32.lib gdi32.lib winspool.lib comdlg32.lib advapi32.lib shell32.lib ole32.lib oleaut32.lib uuid.lib odbc32.lib odbccp32.lib /MANIFEST /ManifestFile:"Debug\vector_clase.exe.intermediate.manifest" /MANIFESTUAC:"level='asInvoker' uiAccess='false'" /DEBUG /PDB:"C:\Users\DELL\OneDrive\Documentos\2021\Estructura de datos\vector_clase\Debug\vector_clase.pdb" /SUBSYSTEM:CONSOLE /TLBID:1 /DYNAMICBASE /NXCOMPAT /IMPLIB:"C:\Users\DELL\OneDrive\Documentos\2021\Estructura de datos\vector_clase\Debug\vector_clase.lib" /MACHINE:X86 Debug\vector_clase.exe.embed.manifest.res
         Debug\stdafx.obj
         Debug\Vector.obj
         Debug\vector_clase.obj
       Manifest:
         C:\Program Files (x86)\Microsoft SDKs\Windows\v7.0A\bin\mt.exe /nologo /verbose /out:"Debug\vector_clase.exe.embed.manifest" /manifest Debug\vector_clase.exe.intermediate.manifest
         C:\Program Files (x86)\Microsoft SDKs\Windows\v7.0A\bin\rc.exe /nologo /fo"Debug\vector_clase.exe.embed.manifest.res" Debug\vector_clase_manifest.rc 
       LinkEmbedManifest:
         C:\Program Files (x86)\Microsoft Visual Studio 10.0\VC\bin\link.exe /ERRORREPORT:PROMPT /OUT:"C:\Users\DELL\OneDrive\Documentos\2021\Estructura de datos\vector_clase\Debug\vector_clase.exe" /INCREMENTAL /NOLOGO kernel32.lib user32.lib gdi32.lib winspool.lib comdlg32.lib advapi32.lib shell32.lib ole32.lib oleaut32.lib uuid.lib odbc32.lib odbccp32.lib /MANIFEST /ManifestFile:"Debug\vector_clase.exe.intermediate.manifest" /MANIFESTUAC:"level='asInvoker' uiAccess='false'" /DEBUG /PDB:"C:\Users\DELL\OneDrive\Documentos\2021\Estructura de datos\vector_clase\Debug\vector_clase.pdb" /SUBSYSTEM:CONSOLE /TLBID:1 /DYNAMICBASE /NXCOMPAT /IMPLIB:"C:\Users\DELL\OneDrive\Documentos\2021\Estructura de datos\vector_clase\Debug\vector_clase.lib" /MACHINE:X86 Debug\vector_clase.exe.embed.manifest.res
         Debug\stdafx.obj
         Debug\Vector.obj
         Debug\vector_clase.obj
         vector_clase.vcxproj -> C:\Users\DELL\OneDrive\Documentos\2021\Estructura de datos\vector_clase\Debug\vector_clase.exe
       FinalizeBuildStatus:
         Deleting file "Debug\vector_clase.unsuccessfulbuild".
         Touching "Debug\vector_clase.lastbuildstate".
     1>Done Building Project "C:\Users\DELL\OneDrive\Documentos\2021\Estructura de datos\vector_clase\vector_clase\vector_clase.vcxproj" (build target(s)).

Build succeeded.

Time Elapsed 00:00:01.57
